<?xml version="1.0" encoding="UTF-8"?>
<!-- Generated by org.testng.reporters.JUnitReportReporter -->
<testsuite skipped="0" hostname="DESKTOP-TF9E6AA" name="myClass" tests="1" failures="0" timestamp="01 Oct 2019 21:18:34 GMT" time="11.014" errors="0">
  <testcase name="test1" time="11.014" classname="myClass"/>
</testsuite> <!-- myClass -->
