<?xml version="1.0" encoding="UTF-8"?>
<!-- Generated by org.testng.reporters.JUnitReportReporter -->
<testsuite skipped="0" hostname="DESKTOP-TF9E6AA" name="NewTest" tests="1" failures="0" timestamp="27 Sep 2019 08:00:47 GMT" time="9.237" errors="0">
  <testcase name="test" time="9.237" classname="NewTest"/>
</testsuite> <!-- NewTest -->
