<?xml version="1.0" encoding="UTF-8"?>
<!-- Generated by org.testng.reporters.JUnitReportReporter -->
<testsuite skipped="0" hostname="DESKTOP-TF9E6AA" name="myClass" tests="1" failures="0" timestamp="27 Sep 2019 08:29:42 GMT" time="10.043" errors="0">
  <testcase name="test1" time="10.043" classname="myClass"/>
</testsuite> <!-- myClass -->
